[2024-03-11 12:59:09,982: INFO: common: yaml file: config\config.yaml loaded successfully]
[2024-03-11 12:59:09,991: INFO: common: yaml file: params.yaml loaded successfully]
[2024-03-11 12:59:09,995: INFO: common: created directory at: artifacts]
[2024-03-11 12:59:09,998: INFO: common: created directory at: artifacts/data_ingestion]
[2024-03-11 12:59:10,002: INFO: 3172177572: Downloading data from https://drive.google.com/file/d/1vlhZ5c7abUKF8xXERIw6m9Te8fW7ohw3/view?usp=sharing into file artifacts/data_ingestion/data.zip]
[2024-03-11 12:59:17,105: INFO: 3172177572: Downloaded data from https://drive.google.com/file/d/1vlhZ5c7abUKF8xXERIw6m9Te8fW7ohw3/view?usp=sharing into file artifacts/data_ingestion/data.zip]
[2024-03-11 13:40:15,926: INFO: main: >>>>>> stage Data Ingestion stage started <<<<<<]
[2024-03-11 13:40:15,933: INFO: common: yaml file: config\config.yaml loaded successfully]
[2024-03-11 13:40:15,936: INFO: common: yaml file: params.yaml loaded successfully]
[2024-03-11 13:40:15,936: INFO: common: created directory at: artifacts]
[2024-03-11 13:40:15,936: INFO: common: created directory at: artifacts/data_ingestion]
[2024-03-11 13:40:15,936: INFO: data_ingestion: Downloading data from https://drive.google.com/file/d/1vlhZ5c7abUKF8xXERIw6m9Te8fW7ohw3/view?usp=sharing into file artifacts/data_ingestion/data.zip]
[2024-03-11 13:40:22,857: INFO: data_ingestion: Downloaded data from https://drive.google.com/file/d/1vlhZ5c7abUKF8xXERIw6m9Te8fW7ohw3/view?usp=sharing into file artifacts/data_ingestion/data.zip]
[2024-03-11 13:40:24,951: INFO: main: >>>>>> stage Data Ingestion stage completed <<<<<<

x==========x]
[2024-03-11 13:42:25,991: INFO: main: >>>>>> stage Data Ingestion stage started <<<<<<]
[2024-03-11 13:42:26,010: INFO: common: yaml file: config\config.yaml loaded successfully]
[2024-03-11 13:42:26,010: INFO: common: yaml file: params.yaml loaded successfully]
[2024-03-11 13:42:26,010: INFO: common: created directory at: artifacts]
[2024-03-11 13:42:26,010: INFO: common: created directory at: artifacts/data_ingestion]
[2024-03-11 13:42:26,010: INFO: data_ingestion: Downloading data from https://drive.google.com/file/d/1vlhZ5c7abUKF8xXERIw6m9Te8fW7ohw3/view?usp=sharing into file artifacts/data_ingestion/data.zip]
[2024-03-11 13:42:34,295: INFO: data_ingestion: Downloaded data from https://drive.google.com/file/d/1vlhZ5c7abUKF8xXERIw6m9Te8fW7ohw3/view?usp=sharing into file artifacts/data_ingestion/data.zip]
[2024-03-11 13:42:36,792: INFO: main: >>>>>> stage Data Ingestion stage completed <<<<<<

x==========x]
[2024-03-13 11:00:51,799: INFO: common: yaml file: config\config.yaml loaded successfully]
[2024-03-13 11:00:51,820: INFO: common: yaml file: params.yaml loaded successfully]
[2024-03-13 11:00:51,825: INFO: common: created directory at: artifacts]
[2024-03-13 11:00:51,829: INFO: common: created directory at: artifacts/prepare_base_model]
[2024-03-13 11:01:00,935: WARNING: saving_utils: Compiled the loaded model, but the compiled metrics have yet to be built. `model.compile_metrics` will be empty until you train or evaluate the model.]
[2024-03-13 11:17:05,018: INFO: utils: Note: NumExpr detected 12 cores but "NUMEXPR_MAX_THREADS" not set, so enforcing safe limit of 8.]
[2024-03-13 11:17:05,019: INFO: utils: NumExpr defaulting to 8 threads.]
[2024-03-13 11:17:07,295: INFO: main: >>>>>> stage Data Ingestion stage started <<<<<<]
[2024-03-13 11:17:07,303: INFO: common: yaml file: config\config.yaml loaded successfully]
[2024-03-13 11:17:07,309: INFO: common: yaml file: params.yaml loaded successfully]
[2024-03-13 11:17:07,311: INFO: common: created directory at: artifacts]
[2024-03-13 11:17:07,313: INFO: common: created directory at: artifacts/data_ingestion]
[2024-03-13 11:17:07,314: INFO: data_ingestion: Downloading data from https://drive.google.com/file/d/1vlhZ5c7abUKF8xXERIw6m9Te8fW7ohw3/view?usp=sharing into file artifacts/data_ingestion/data.zip]
[2024-03-13 11:17:20,541: INFO: data_ingestion: Downloaded data from https://drive.google.com/file/d/1vlhZ5c7abUKF8xXERIw6m9Te8fW7ohw3/view?usp=sharing into file artifacts/data_ingestion/data.zip]
[2024-03-13 11:17:23,820: INFO: main: >>>>>> stage Data Ingestion stage completed <<<<<<

x==========x]
[2024-03-13 11:17:23,828: INFO: main: *******************]
[2024-03-13 11:17:23,828: INFO: main: >>>>>> stage Prepare base model started <<<<<<]
[2024-03-13 11:17:23,863: INFO: common: yaml file: config\config.yaml loaded successfully]
[2024-03-13 11:17:23,884: INFO: common: yaml file: params.yaml loaded successfully]
[2024-03-13 11:17:23,891: INFO: common: created directory at: artifacts]
[2024-03-13 11:17:23,891: INFO: common: created directory at: artifacts/prepare_base_model]
[2024-03-13 11:17:25,192: WARNING: saving_utils: Compiled the loaded model, but the compiled metrics have yet to be built. `model.compile_metrics` will be empty until you train or evaluate the model.]
[2024-03-13 11:17:25,809: INFO: main: >>>>>> stage Prepare base model completed <<<<<<

x==========x]
